2023-05-11 18:09:10.205 [info] Log level: Info
2023-05-11 18:09:10.205 [info] Validating found git in: "git"
2023-05-11 18:09:10.205 [info] Using git "2.34.1" from "git"
2023-05-11 18:09:10.210 [info] > git rev-parse --show-toplevel [6ms]
2023-05-11 18:09:10.210 [info] fatal: not a git repository (or any parent up to mount point /)
Stopping at filesystem boundary (GIT_DISCOVERY_ACROSS_FILESYSTEM not set).
2023-05-11 18:09:10.225 [info] > git rev-parse --show-toplevel [7ms]
2023-05-11 18:09:10.234 [info] > git rev-parse --git-dir --git-common-dir [1ms]
2023-05-11 18:09:10.242 [info] Open repository: /home/jalves/Documents/Code/eracing/ekf-slam
2023-05-11 18:09:10.260 [info] > git config --get commit.template [3ms]
2023-05-11 18:09:10.260 [info] > git rev-parse --show-toplevel [12ms]
2023-05-11 18:09:10.270 [info] > git rev-parse --git-dir --git-common-dir [2ms]
2023-05-11 18:09:10.276 [info] Open repository: /home/jalves/Documents/Code/eracing/perception-emulator
2023-05-11 18:09:10.294 [info] > git config --get commit.template [2ms]
2023-05-11 18:09:10.294 [info] > git for-each-ref --format=%(refname)%00%(upstream:short)%00%(objectname)%00%(upstream:track)%00%(upstream:remotename)%00%(upstream:remoteref) refs/heads/main refs/remotes/main [10ms]
2023-05-11 18:09:10.312 [info] > git status -z -uall [10ms]
2023-05-11 18:09:10.327 [info] > git for-each-ref --format=%(refname)%00%(upstream:short)%00%(objectname)%00%(upstream:track)%00%(upstream:remotename)%00%(upstream:remoteref) refs/heads/main refs/remotes/main [16ms]
2023-05-11 18:09:10.339 [info] > git status -z -uall [4ms]
2023-05-11 18:09:10.349 [info] > git config --get commit.template [23ms]
2023-05-11 18:09:10.362 [info] > git config --get commit.template [8ms]
2023-05-11 18:09:10.370 [info] > git for-each-ref --format=%(refname)%00%(upstream:short)%00%(objectname)%00%(upstream:track)%00%(upstream:remotename)%00%(upstream:remoteref) refs/heads/main refs/remotes/main [9ms]
2023-05-11 18:09:10.377 [info] > git for-each-ref --format=%(refname)%00%(upstream:short)%00%(objectname)%00%(upstream:track)%00%(upstream:remotename)%00%(upstream:remoteref) refs/heads/main refs/remotes/main [8ms]
2023-05-11 18:09:10.383 [info] > git status -z -uall [7ms]
2023-05-11 18:09:10.387 [info] > git status -z -uall [5ms]
2023-05-11 18:09:10.819 [info] > git check-ignore -v -z --stdin [8ms]
2023-05-11 18:09:10.820 [info] > git check-ignore -v -z --stdin [2ms]
2023-05-11 18:09:15.013 [info] > git check-ignore -v -z --stdin [2ms]
2023-05-11 18:11:33.648 [info] > git config --get commit.template [4ms]
2023-05-11 18:11:33.648 [info] > git config --get commit.template [15ms]
2023-05-11 18:11:33.663 [info] > git for-each-ref --format=%(refname)%00%(upstream:short)%00%(objectname)%00%(upstream:track)%00%(upstream:remotename)%00%(upstream:remoteref) refs/heads/main refs/remotes/main [8ms]
2023-05-11 18:11:33.670 [info] > git for-each-ref --format=%(refname)%00%(upstream:short)%00%(objectname)%00%(upstream:track)%00%(upstream:remotename)%00%(upstream:remoteref) refs/heads/main refs/remotes/main [8ms]
2023-05-11 18:11:33.678 [info] > git status -z -uall [9ms]
2023-05-11 18:11:33.683 [info] > git status -z -uall [6ms]
2023-05-11 18:12:04.138 [info] > git config --get commit.template [10ms]
2023-05-11 18:12:04.140 [info] > git for-each-ref --format=%(refname)%00%(upstream:short)%00%(objectname)%00%(upstream:track)%00%(upstream:remotename)%00%(upstream:remoteref) refs/heads/main refs/remotes/main [3ms]
2023-05-11 18:12:04.150 [info] > git status -z -uall [2ms]
2023-05-11 18:12:27.603 [info] > git config --get commit.template [5ms]
2023-05-11 18:12:27.621 [info] > git for-each-ref --format=%(refname)%00%(upstream:short)%00%(objectname)%00%(upstream:track)%00%(upstream:remotename)%00%(upstream:remoteref) refs/heads/dev refs/remotes/dev [2ms]
2023-05-11 18:12:27.850 [info] > git status -z -uall [219ms]
2023-05-11 18:12:30.274 [info] > git check-ignore -v -z --stdin [79ms]
2023-05-11 18:12:33.818 [info] > git check-ignore -v -z --stdin [1ms]
2023-05-11 18:12:34.088 [info] > git config --get commit.template [8ms]
2023-05-11 18:12:34.089 [info] > git for-each-ref --format=%(refname)%00%(upstream:short)%00%(objectname)%00%(upstream:track)%00%(upstream:remotename)%00%(upstream:remoteref) refs/heads/dev refs/remotes/dev [3ms]
2023-05-11 18:12:34.257 [info] > git status -z -uall [162ms]
2023-05-11 18:12:35.713 [info] > git show --textconv :main.py [14ms]
2023-05-11 18:12:35.715 [info] > git ls-files --stage -- /home/jalves/Documents/Code/eracing/perception-emulator/main.py [3ms]
2023-05-11 18:12:35.725 [info] > git cat-file -s 7559f2dec18fe7969a748eff14bd57b326373058 [1ms]
2023-05-11 18:14:17.015 [info] > git rev-parse --show-toplevel [5ms]
2023-05-11 18:14:17.015 [info] fatal: not a git repository (or any parent up to mount point /)
Stopping at filesystem boundary (GIT_DISCOVERY_ACROSS_FILESYSTEM not set).
2023-05-11 18:14:17.324 [info] > git rev-parse --show-toplevel [2ms]
2023-05-11 18:14:17.324 [info] fatal: not a git repository (or any parent up to mount point /)
Stopping at filesystem boundary (GIT_DISCOVERY_ACROSS_FILESYSTEM not set).
2023-05-11 18:14:21.014 [info] > git rev-parse --show-toplevel [113ms]
2023-05-11 18:14:21.014 [info] fatal: not a git repository (or any parent up to mount point /)
Stopping at filesystem boundary (GIT_DISCOVERY_ACROSS_FILESYSTEM not set).
2023-05-11 18:14:34.180 [info] > git config --get commit.template [17ms]
2023-05-11 18:14:34.182 [info] > git for-each-ref --format=%(refname)%00%(upstream:short)%00%(objectname)%00%(upstream:track)%00%(upstream:remotename)%00%(upstream:remoteref) refs/heads/main refs/remotes/main [3ms]
2023-05-11 18:14:34.200 [info] > git status -z -uall [4ms]
2023-05-11 18:14:37.402 [info] > git check-ignore -v -z --stdin [2ms]
2023-05-11 18:14:41.062 [info] > git check-ignore -v -z --stdin [119ms]
2023-05-11 18:14:41.840 [info] > git check-ignore -v -z --stdin [22ms]
2023-05-11 18:15:03.604 [info] > git show --textconv :main.py [16ms]
2023-05-11 18:15:03.608 [info] > git ls-files --stage -- /home/jalves/Documents/Code/eracing/perception-emulator/main.py [5ms]
2023-05-11 18:15:03.623 [info] > git cat-file -s 7559f2dec18fe7969a748eff14bd57b326373058 [3ms]
2023-05-11 18:15:57.061 [info] > git show --textconv :handler.py [30ms]
2023-05-11 18:15:57.067 [info] > git ls-files --stage -- /home/jalves/Documents/Code/eracing/perception-emulator/handler.py [11ms]
2023-05-11 18:15:57.089 [info] > git cat-file -s c13927e97ad52311b7dee6957ad09a252803ad47 [6ms]
2023-05-11 18:16:13.235 [info] > git show --textconv :utils.py [19ms]
2023-05-11 18:16:13.240 [info] > git ls-files --stage -- /home/jalves/Documents/Code/eracing/perception-emulator/utils.py [6ms]
2023-05-11 18:16:13.268 [info] > git cat-file -s be72517094bdd2ab8f45183af405b363d64f4278 [4ms]
2023-05-11 18:16:17.452 [info] > git show --textconv :main.py [11ms]
2023-05-11 18:16:17.454 [info] > git ls-files --stage -- /home/jalves/Documents/Code/eracing/perception-emulator/main.py [4ms]
2023-05-11 18:16:17.467 [info] > git cat-file -s 7559f2dec18fe7969a748eff14bd57b326373058 [3ms]
