2023-05-11 13:27:11 Loading main app package /tmp/.mount_ObsidiqNb8Be/resources/obsidian.asar
2023-05-11 13:27:11 Checking for update using Github
2023-05-11 13:27:11 Success.
2023-05-11 13:27:11 Latest version is 1.2.8
2023-05-11 13:27:11 App is up to date.
2023-05-11 13:28:10 Loading main app package /tmp/.mount_ObsidiXOKiPr/resources/obsidian.asar
2023-05-11 13:28:10 Checking for update using Github
2023-05-11 13:28:10 Success.
2023-05-11 13:28:10 Latest version is 1.2.8
2023-05-11 13:28:10 App is up to date.
2023-05-11 13:30:36 Loading main app package /tmp/.mount_ObsidiBjTHFE/resources/obsidian.asar
2023-05-11 13:30:37 Checking for update using Github
2023-05-11 13:30:37 Success.
2023-05-11 13:30:37 Latest version is 1.2.8
2023-05-11 13:30:37 App is up to date.
2023-05-11 13:36:23 Loading main app package /tmp/.mount_obsidildSgd8/resources/obsidian.asar
2023-05-11 13:36:24 Checking for update using Github
2023-05-11 13:36:24 Success.
2023-05-11 13:36:24 Latest version is 1.2.8
2023-05-11 13:36:24 App is up to date.
2023-05-11 13:36:45 Loading main app package /tmp/.mount_obsidietkT7e/resources/obsidian.asar
2023-05-11 13:36:46 Checking for update using Github
2023-05-11 13:36:46 Success.
2023-05-11 13:36:46 Latest version is 1.2.8
2023-05-11 13:36:46 App is up to date.
2023-05-11 13:51:09 Loading main app package /tmp/.mount_obsidi0yKBZ3/resources/obsidian.asar
2023-05-11 13:51:10 Checking for update using Github
2023-05-11 13:51:10 Success.
2023-05-11 13:51:10 Latest version is 1.2.8
2023-05-11 13:51:10 App is up to date.
2023-05-11 13:51:49 Loading main app package /tmp/.mount_obsidiU77DCW/resources/obsidian.asar
2023-05-11 13:51:50 Checking for update using Github
2023-05-11 13:51:50 Success.
2023-05-11 13:51:50 Latest version is 1.2.8
2023-05-11 13:51:50 App is up to date.
2023-05-11 13:57:41 Loading main app package /tmp/.mount_obsidiKlaEOp/resources/obsidian.asar
2023-05-11 13:57:42 Checking for update using Github
2023-05-11 13:58:52 Loading main app package /tmp/.mount_obsidiZm6V5X/resources/obsidian.asar
2023-05-11 13:58:53 Checking for update using Github
2023-05-11 13:58:53 Success.
2023-05-11 13:58:53 Latest version is 1.2.8
2023-05-11 13:58:53 App is up to date.
2023-05-11 14:05:56 Loading main app package /tmp/.mount_obsidiEq6atm/resources/obsidian.asar
2023-05-11 14:05:57 Checking for update using Github
2023-05-11 14:06:07 Loading main app package /tmp/.mount_obsidi6LOjai/resources/obsidian.asar
2023-05-11 14:06:07 Checking for update using Github
2023-05-11 14:06:08 Success.
2023-05-11 14:06:08 Latest version is 1.2.8
2023-05-11 14:06:08 App is up to date.
2023-05-11 15:06:07 Checking for update using Github
2023-05-11 15:06:07 Success.
2023-05-11 15:06:07 Latest version is 1.2.8
2023-05-11 15:06:07 App is up to date.
2023-05-11 16:06:07 Checking for update using Github
2023-05-11 16:06:07 Success.
2023-05-11 16:06:07 Latest version is 1.2.8
2023-05-11 16:06:07 App is up to date.
2023-05-11 17:06:07 Checking for update using Github
2023-05-11 17:06:07 Success.
2023-05-11 17:06:07 Latest version is 1.2.8
2023-05-11 17:06:07 App is up to date.
2023-05-11 18:06:07 Checking for update using Github
2023-05-11 18:06:07 Success.
2023-05-11 18:06:07 Latest version is 1.2.8
2023-05-11 18:06:07 App is up to date.
2023-05-12 14:35:08 Loading main app package /tmp/.mount_obsidi7XkhFw/resources/obsidian.asar
2023-05-12 14:35:09 Checking for update using Github
2023-05-12 14:35:09 Success.
2023-05-12 14:35:09 Latest version is 1.2.8
2023-05-12 14:35:09 App is up to date.
2023-05-28 02:42:44 Loading main app package /tmp/.mount_obsidi9h7XeK/resources/obsidian.asar
2023-05-28 02:42:45 Checking for update using Github
2023-05-28 02:42:45 Success.
2023-05-28 02:42:45 Latest version is 1.3.4
2023-05-28 02:42:45 Downloading update from https://github.com/obsidianmd/obsidian-releases/releases/download/v1.3.4/obsidian-1.3.4.asar.gz
2023-05-28 02:42:46 Verifying hash & signature. Size= 7579467
2023-05-28 02:42:46 Saving file
2023-05-28 02:42:46 Update complete.
2023-05-28 02:43:55 Loading updated app package /home/jalves/.config/obsidian/obsidian-1.3.4.asar
2023-05-28 02:43:56 Checking for update using Github
2023-05-28 02:43:56 Success.
2023-05-28 02:43:56 Latest version is 1.3.4
2023-05-28 02:43:56 App is up to date.
2023-05-28 03:43:55 Checking for update using Github
2023-05-28 03:43:56 Success.
2023-05-28 03:43:56 Latest version is 1.3.4
2023-05-28 03:43:56 App is up to date.
