2023-04-27 13:00:19.963 [info] Log level: Info
2023-04-27 13:00:19.963 [info] Validating found git in: "git"
2023-04-27 13:00:19.963 [info] Using git "2.34.1" from "git"
2023-04-27 13:00:19.968 [info] > git rev-parse --show-toplevel [5ms]
2023-04-27 13:00:19.985 [info] > git rev-parse --git-dir --git-common-dir [4ms]
2023-04-27 13:00:19.998 [info] Open repository: /home/jalves/eracing/ekf-slam
2023-04-27 13:00:20.016 [info] > git config --get commit.template [4ms]
2023-04-27 13:00:20.032 [info] > git for-each-ref --format=%(refname)%00%(upstream:short)%00%(objectname)%00%(upstream:track)%00%(upstream:remotename)%00%(upstream:remoteref) refs/heads/main refs/remotes/main [7ms]
2023-04-27 13:00:20.046 [info] > git status -z -uall [6ms]
2023-04-27 13:00:20.065 [info] > git config --get commit.template [2ms]
2023-04-27 13:00:20.072 [info] > git for-each-ref --format=%(refname)%00%(upstream:short)%00%(objectname)%00%(upstream:track)%00%(upstream:remotename)%00%(upstream:remoteref) refs/heads/main refs/remotes/main [1ms]
2023-04-27 13:00:20.078 [info] > git status -z -uall [1ms]
2023-04-27 13:00:20.524 [info] > git check-ignore -v -z --stdin [2ms]
2023-04-27 13:00:24.199 [info] > git show --textconv :README.md [14ms]
2023-04-27 13:00:24.200 [info] > git ls-files --stage -- /home/jalves/eracing/ekf-slam/README.md [4ms]
2023-04-27 13:00:24.212 [info] > git cat-file -s 932d1ba6cb3416f5576a108016deea67fd12d1dd [3ms]
2023-04-27 13:03:23.498 [info] > git check-ignore -v -z --stdin [1ms]
2023-04-27 13:03:29.705 [info] > git check-ignore -v -z --stdin [20ms]
2023-04-27 13:03:34.919 [info] > git config --get commit.template [25ms]
2023-04-27 13:03:34.920 [info] > git for-each-ref --format=%(refname)%00%(upstream:short)%00%(objectname)%00%(upstream:track)%00%(upstream:remotename)%00%(upstream:remoteref) refs/heads/dev refs/remotes/dev [3ms]
2023-04-27 13:03:35.046 [info] > git ls-files --stage -- /home/jalves/eracing/ekf-slam/README.md [141ms]
2023-04-27 13:03:35.058 [info] > git cat-file -s 394bb077a29d402a04937330cd3ecf8103c1b381 [2ms]
2023-04-27 13:03:35.151 [info] > git show --textconv :README.md [66ms]
2023-04-27 13:03:35.392 [info] > git status -z -uall [459ms]
2023-04-27 13:03:40.417 [info] > git config --get commit.template [8ms]
2023-04-27 13:03:40.418 [info] > git for-each-ref --format=%(refname)%00%(upstream:short)%00%(objectname)%00%(upstream:track)%00%(upstream:remotename)%00%(upstream:remoteref) refs/heads/dev refs/remotes/dev [2ms]
2023-04-27 13:03:40.745 [info] > git status -z -uall [322ms]
2023-04-27 13:03:41.361 [info] > git show --textconv :prediction_step.py [19ms]
2023-04-27 13:03:41.391 [info] > git ls-files --stage -- /home/jalves/eracing/ekf-slam/prediction_step.py [32ms]
2023-04-27 13:03:41.406 [info] > git cat-file -s d89ba0d55fb94e2a059e9fbdfe8dd9ed0932523b [6ms]
2023-04-27 13:03:42.256 [info] > git show --textconv :main.py [17ms]
2023-04-27 13:03:42.277 [info] > git ls-files --stage -- /home/jalves/eracing/ekf-slam/main.py [29ms]
2023-04-27 13:03:42.290 [info] > git cat-file -s e1ac16033d5b46d7c65c8530acf40d7ba50de131 [2ms]
